Flow report for CmpDemo
Tue Dec 14 12:54:53 2021
Quartus Prime Version 20.1.1 Build 720 11/11/2020 SJ Lite Edition


---------------------
; Table of Contents ;
---------------------
  1. Legal Notice
  2. Flow Summary
  3. Flow Settings
  4. Flow Non-Default Global Settings
  5. Flow Elapsed Time
  6. Flow OS Summary
  7. Flow Log
  8. Flow Messages
  9. Flow Suppressed Messages



----------------
; Legal Notice ;
----------------
Copyright (C) 2020  Intel Corporation. All rights reserved.
Your use of Intel Corporation's design tools, logic functions 
and other software and tools, and any partner logic 
functions, and any output files from any of the foregoing 
(including device programming or simulation files), and any 
associated documentation or information are expressly subject 
to the terms and conditions of the Intel Program License 
Subscription Agreement, the Intel Quartus Prime License Agreement,
the Intel FPGA IP License Agreement, or other applicable license
agreement, including, without limitation, that your use is for
the sole purpose of programming logic devices manufactured by
Intel and sold by Intel or its authorized distributors.  Please
refer to the applicable agreement for further details, at
https://fpgasoftware.intel.com/eula.



+----------------------------------------------------------------------------------+
; Flow Summary                                                                     ;
+------------------------------------+---------------------------------------------+
; Flow Status                        ; Successful - Tue Dec 14 12:54:53 2021       ;
; Quartus Prime Version              ; 20.1.1 Build 720 11/11/2020 SJ Lite Edition ;
; Revision Name                      ; CmpDemo                                     ;
; Top-level Entity Name              ; CmpDemo                                     ;
; Family                             ; Cyclone IV E                                ;
; Total logic elements               ; 9                                           ;
;     Total combinational functions  ; 9                                           ;
;     Dedicated logic registers      ; 0                                           ;
; Total registers                    ; 0                                           ;
; Total pins                         ; 11                                          ;
; Total virtual pins                 ; 0                                           ;
; Total memory bits                  ; 0                                           ;
; Embedded Multiplier 9-bit elements ; 0                                           ;
; Total PLLs                         ; 0                                           ;
+------------------------------------+---------------------------------------------+


+-----------------------------------------+
; Flow Settings                           ;
+-------------------+---------------------+
; Option            ; Setting             ;
+-------------------+---------------------+
; Start date & time ; 12/14/2021 12:40:57 ;
; Main task         ; Compilation         ;
; Revision Name     ; CmpDemo             ;
+-------------------+---------------------+


+------------------------------------------------------------------------------------------------------------------------------------------------+
; Flow Non-Default Global Settings                                                                                                               ;
+-------------------------------------+----------------------------------------+---------------+-------------+-----------------------------------+
; Assignment Name                     ; Value                                  ; Default Value ; Entity Name ; Section Id                        ;
+-------------------------------------+----------------------------------------+---------------+-------------+-----------------------------------+
; COMPILER_SIGNATURE_ID               ; 259684875429711.163948565709378        ; --            ; --          ; --                                ;
; EDA_GENERATE_FUNCTIONAL_NETLIST     ; Off                                    ; --            ; --          ; eda_board_design_timing           ;
; EDA_GENERATE_FUNCTIONAL_NETLIST     ; Off                                    ; --            ; --          ; eda_board_design_boundary_scan    ;
; EDA_GENERATE_FUNCTIONAL_NETLIST     ; Off                                    ; --            ; --          ; eda_board_design_signal_integrity ;
; EDA_GENERATE_FUNCTIONAL_NETLIST     ; Off                                    ; --            ; --          ; eda_board_design_symbol           ;
; EDA_OUTPUT_DATA_FORMAT              ; Verilog Hdl                            ; --            ; --          ; eda_simulation                    ;
; EDA_SIMULATION_TOOL                 ; ModelSim-Altera (Verilog)              ; <None>        ; --          ; --                                ;
; EDA_TIME_SCALE                      ; 1 ps                                   ; --            ; --          ; eda_simulation                    ;
; PARTITION_COLOR                     ; -- (Not supported for targeted family) ; --            ; --          ; Top                               ;
; PARTITION_FITTER_PRESERVATION_LEVEL ; -- (Not supported for targeted family) ; --            ; --          ; Top                               ;
; PARTITION_NETLIST_TYPE              ; -- (Not supported for targeted family) ; --            ; --          ; Top                               ;
; PROJECT_OUTPUT_DIRECTORY            ; output_files                           ; --            ; --          ; --                                ;
+-------------------------------------+----------------------------------------+---------------+-------------+-----------------------------------+


+--------------------------------------------------------------------------------------------------------------------------+
; Flow Elapsed Time                                                                                                        ;
+----------------------+--------------+-------------------------+---------------------+------------------------------------+
; Module Name          ; Elapsed Time ; Average Processors Used ; Peak Virtual Memory ; Total CPU Time (on all processors) ;
+----------------------+--------------+-------------------------+---------------------+------------------------------------+
; Analysis & Synthesis ; 00:00:07     ; 1.0                     ; 417 MB              ; 00:00:25                           ;
; EDA Netlist Writer   ; 00:00:00     ; 1.0                     ; 592 MB              ; 00:00:00                           ;
; EDA Netlist Writer   ; 00:00:01     ; 1.0                     ; 600 MB              ; 00:00:00                           ;
; EDA Netlist Writer   ; 00:00:01     ; 1.0                     ; 594 MB              ; 00:00:00                           ;
; EDA Netlist Writer   ; 00:00:01     ; 1.0                     ; 598 MB              ; 00:00:00                           ;
; Total                ; 00:00:10     ; --                      ; --                  ; 00:00:25                           ;
+----------------------+--------------+-------------------------+---------------------+------------------------------------+


+--------------------------------------------------------------------------------------+
; Flow OS Summary                                                                      ;
+----------------------+------------------+--------------+------------+----------------+
; Module Name          ; Machine Hostname ; OS Name      ; OS Version ; Processor type ;
+----------------------+------------------+--------------+------------+----------------+
; Analysis & Synthesis ; rubenpeq-G14     ; Ubuntu 21.10 ; 21         ; x86_64         ;
; EDA Netlist Writer   ; rubenpeq-G14     ; Ubuntu 21.10 ; 21         ; x86_64         ;
; EDA Netlist Writer   ; rubenpeq-G14     ; Ubuntu 21.10 ; 21         ; x86_64         ;
; EDA Netlist Writer   ; rubenpeq-G14     ; Ubuntu 21.10 ; 21         ; x86_64         ;
; EDA Netlist Writer   ; rubenpeq-G14     ; Ubuntu 21.10 ; 21         ; x86_64         ;
+----------------------+------------------+--------------+------------+----------------+


------------
; Flow Log ;
------------
quartus_map --read_settings_files=on --write_settings_files=off CmpDemo -c CmpDemo
quartus_eda --gen_testbench --tool=modelsim_oem --format=verilog --write_settings_files=off CmpDemo -c CmpDemo --vector_source=/home/rubenpeq/UA/ISD/P8/Parte_2/CmpDemo.vwf --testbench_file=/home/rubenpeq/UA/ISD/P8/Parte_2/simulation/qsim/CmpDemo.vwf.vt
quartus_eda --write_settings_files=off --simulation=on --functional=on --flatten_buses=off --tool=modelsim_oem --format=verilog --output_directory=/home/rubenpeq/UA/ISD/P8/Parte_2/simulation/qsim/ CmpDemo -c CmpDemo
quartus_eda --gen_testbench --tool=modelsim_oem --format=verilog --write_settings_files=off CmpDemo -c CmpDemo --vector_source=/home/rubenpeq/UA/ISD/P8/Parte_2/CmpDemo.vwf --testbench_file=/home/rubenpeq/UA/ISD/P8/Parte_2/simulation/qsim/CmpDemo.vwf.vt
quartus_eda --write_settings_files=off --simulation=on --functional=on --flatten_buses=off --tool=modelsim_oem --format=verilog --output_directory=/home/rubenpeq/UA/ISD/P8/Parte_2/simulation/qsim/ CmpDemo -c CmpDemo



